This is pdfTeX, Version 3.14159265-2.6-1.40.17 (MiKTeX 2.9 64-bit) (preloaded format=pdflatex 2017.10.3)  30 NOV 2017 12:13
entering extended mode
**./tueslides.tex
(tueslides.tex
LaTeX2e <2016/03/31>
Babel <3.9r> and hyphenation patterns for 75 language(s) loaded.
("C:\Program Files\MiKTeX 2.9\tex\latex\beamer\base\beamer.cls"
("C:\Program Files\MiKTeX 2.9\tex\latex\beamer\base\beamerbasercs.sty"
Package: beamerbasercs 2015/03/08 (rcs-revision 368aa9ba9d38)
)
Document Class: beamer 2015/01/05 3.36 A class for typesetting presentations (r
cs-revision 8a39122e1f63)
("C:\Program Files\MiKTeX 2.9\tex\latex\beamer\base\beamerbasemodes.sty"
Package: beamerbasemodes 2013/09/03 (rcs-revision 768f2d98ca64)
\beamer@tempbox=\box26
\beamer@tempcount=\count79
\c@beamerpauses=\count80

("C:\Program Files\MiKTeX 2.9\tex\latex\beamer\base\beamerbasedecode.sty"
Package: beamerbasedecode 2010/05/01 (rcs-revision efa082c6111d)
\beamer@slideinframe=\count81
\beamer@minimum=\count82
)
\beamer@commentbox=\box27
\beamer@modecount=\count83
)
("C:\Program Files\MiKTeX 2.9\tex\generic\oberdiek\ifpdf.sty"
Package: ifpdf 2016/05/14 v3.1 Provides the ifpdf switch
)
\headheight=\dimen102
\headdp=\dimen103
\footheight=\dimen104
\sidebarheight=\dimen105
\beamer@tempdim=\dimen106
\beamer@finalheight=\dimen107
\beamer@animht=\dimen108
\beamer@animdp=\dimen109
\beamer@animwd=\dimen110
\beamer@leftmargin=\dimen111
\beamer@rightmargin=\dimen112
\beamer@leftsidebar=\dimen113
\beamer@rightsidebar=\dimen114
\beamer@boxsize=\dimen115
\beamer@vboxoffset=\dimen116
\beamer@descdefault=\dimen117
\beamer@descriptionwidth=\dimen118
\beamer@lastskip=\skip41
\beamer@areabox=\box28
\beamer@animcurrent=\box29
\beamer@animshowbox=\box30
\beamer@sectionbox=\box31
\beamer@logobox=\box32
\beamer@linebox=\box33
\beamer@sectioncount=\count84
\beamer@subsubsectionmax=\count85
\beamer@subsectionmax=\count86
\beamer@sectionmax=\count87
\beamer@totalheads=\count88
\beamer@headcounter=\count89
\beamer@partstartpage=\count90
\beamer@sectionstartpage=\count91
\beamer@subsectionstartpage=\count92
\beamer@animationtempa=\count93
\beamer@animationtempb=\count94
\beamer@xpos=\count95
\beamer@ypos=\count96
\beamer@showpartnumber=\count97
\beamer@currentsubsection=\count98
\beamer@coveringdepth=\count99
\beamer@sectionadjust=\count100
\beamer@tocsectionnumber=\count101

("C:\Program Files\MiKTeX 2.9\tex\latex\beamer\base\beamerbaseoptions.sty"
Package: beamerbaseoptions 2013/03/10 (rcs-revision 47431932db0d)

("C:\Program Files\MiKTeX 2.9\tex\latex\graphics\keyval.sty"
Package: keyval 2014/10/28 v1.15 key=value parser (DPC)
\KV@toks@=\toks14
))
\beamer@paperwidth=\skip42
\beamer@paperheight=\skip43

("C:\Program Files\MiKTeX 2.9\tex\latex\geometry\geometry.sty"
Package: geometry 2010/09/12 v5.6 Page Geometry

("C:\Program Files\MiKTeX 2.9\tex\generic\oberdiek\ifvtex.sty"
Package: ifvtex 2016/05/16 v1.6 Detect VTeX and its facilities (HO)
Package ifvtex Info: VTeX not detected.
)
("C:\Program Files\MiKTeX 2.9\tex\generic\ifxetex\ifxetex.sty"
Package: ifxetex 2010/09/12 v0.6 Provides ifxetex conditional
)
\Gm@cnth=\count102
\Gm@cntv=\count103
\c@Gm@tempcnt=\count104
\Gm@bindingoffset=\dimen119
\Gm@wd@mp=\dimen120
\Gm@odd@mp=\dimen121
\Gm@even@mp=\dimen122
\Gm@layoutwidth=\dimen123
\Gm@layoutheight=\dimen124
\Gm@layouthoffset=\dimen125
\Gm@layoutvoffset=\dimen126
\Gm@dimlist=\toks15

("C:\Program Files\MiKTeX 2.9\tex\latex\geometry\geometry.cfg"))
("C:\Program Files\MiKTeX 2.9\tex\latex\base\size11.clo"
File: size11.clo 2014/09/29 v1.4h Standard LaTeX file (size option)
)
("C:\Program Files\MiKTeX 2.9\tex\latex\pgf\basiclayer\pgfcore.sty"
("C:\Program Files\MiKTeX 2.9\tex\latex\graphics\graphicx.sty"
Package: graphicx 2014/10/28 v1.0g Enhanced LaTeX Graphics (DPC,SPQR)

("C:\Program Files\MiKTeX 2.9\tex\latex\graphics\graphics.sty"
Package: graphics 2016/05/09 v1.0r Standard LaTeX Graphics (DPC,SPQR)

("C:\Program Files\MiKTeX 2.9\tex\latex\graphics\trig.sty"
Package: trig 2016/01/03 v1.10 sin cos tan (DPC)
)
("C:\Program Files\MiKTeX 2.9\tex\latex\00miktex\graphics.cfg"
File: graphics.cfg 2016/01/02 v1.10 sample graphics configuration
)
Package graphics Info: Driver file: pdftex.def on input line 96.

("C:\Program Files\MiKTeX 2.9\tex\latex\pdftex-def\pdftex.def"
File: pdftex.def 2011/05/27 v0.06d Graphics/color for pdfTeX

("C:\Program Files\MiKTeX 2.9\tex\generic\oberdiek\infwarerr.sty"
Package: infwarerr 2016/05/16 v1.4 Providing info/warning/error messages (HO)
)
("C:\Program Files\MiKTeX 2.9\tex\generic\oberdiek\ltxcmds.sty"
Package: ltxcmds 2016/05/16 v1.23 LaTeX kernel commands for general use (HO)
)
\Gread@gobject=\count105
))
\Gin@req@height=\dimen127
\Gin@req@width=\dimen128
)
("C:\Program Files\MiKTeX 2.9\tex\latex\pgf\systemlayer\pgfsys.sty"
("C:\Program Files\MiKTeX 2.9\tex\latex\pgf\utilities\pgfrcs.sty"
("C:\Program Files\MiKTeX 2.9\tex\generic\pgf\utilities\pgfutil-common.tex"
\pgfutil@everybye=\toks16
\pgfutil@tempdima=\dimen129
\pgfutil@tempdimb=\dimen130

("C:\Program Files\MiKTeX 2.9\tex\generic\pgf\utilities\pgfutil-common-lists.te
x")) ("C:\Program Files\MiKTeX 2.9\tex\generic\pgf\utilities\pgfutil-latex.def"
\pgfutil@abb=\box34
("C:\Program Files\MiKTeX 2.9\tex\latex\ms\everyshi.sty"
Package: everyshi 2001/05/15 v3.00 EveryShipout Package (MS)
))
("C:\Program Files\MiKTeX 2.9\tex\generic\pgf\utilities\pgfrcs.code.tex"
Package: pgfrcs 2015/08/07 v3.0.1a (rcs-revision 1.31)
))
("C:\Program Files\MiKTeX 2.9\tex\generic\pgf\systemlayer\pgfsys.code.tex"
Package: pgfsys 2014/07/09 v3.0.1a (rcs-revision 1.48)

("C:\Program Files\MiKTeX 2.9\tex\generic\pgf\utilities\pgfkeys.code.tex"
\pgfkeys@pathtoks=\toks17
\pgfkeys@temptoks=\toks18

("C:\Program Files\MiKTeX 2.9\tex\generic\pgf\utilities\pgfkeysfiltered.code.te
x"
\pgfkeys@tmptoks=\toks19
))
\pgf@x=\dimen131
\pgf@y=\dimen132
\pgf@xa=\dimen133
\pgf@ya=\dimen134
\pgf@xb=\dimen135
\pgf@yb=\dimen136
\pgf@xc=\dimen137
\pgf@yc=\dimen138
\w@pgf@writea=\write3
\r@pgf@reada=\read1
\c@pgf@counta=\count106
\c@pgf@countb=\count107
\c@pgf@countc=\count108
\c@pgf@countd=\count109
\t@pgf@toka=\toks20
\t@pgf@tokb=\toks21
\t@pgf@tokc=\toks22
 ("C:\Program Files\MiKTeX 2.9\tex\generic\pgf\systemlayer\pgf.cfg"
File: pgf.cfg 2008/05/14  (rcs-revision 1.7)
)
Driver file for pgf: pgfsys-pdftex.def

("C:\Program Files\MiKTeX 2.9\tex\generic\pgf\systemlayer\pgfsys-pdftex.def"
File: pgfsys-pdftex.def 2014/10/11  (rcs-revision 1.35)

("C:\Program Files\MiKTeX 2.9\tex\generic\pgf\systemlayer\pgfsys-common-pdf.def
"
File: pgfsys-common-pdf.def 2013/10/10  (rcs-revision 1.13)
)))
("C:\Program Files\MiKTeX 2.9\tex\generic\pgf\systemlayer\pgfsyssoftpath.code.t
ex"
File: pgfsyssoftpath.code.tex 2013/09/09  (rcs-revision 1.9)
\pgfsyssoftpath@smallbuffer@items=\count110
\pgfsyssoftpath@bigbuffer@items=\count111
)
("C:\Program Files\MiKTeX 2.9\tex\generic\pgf\systemlayer\pgfsysprotocol.code.t
ex"
File: pgfsysprotocol.code.tex 2006/10/16  (rcs-revision 1.4)
)) ("C:\Program Files\MiKTeX 2.9\tex\latex\xcolor\xcolor.sty"
Package: xcolor 2016/05/11 v2.12 LaTeX color extensions (UK)

("C:\Program Files\MiKTeX 2.9\tex\latex\00miktex\color.cfg"
File: color.cfg 2016/01/02 v1.6 sample color configuration
)
Package xcolor Info: Driver file: pdftex.def on input line 225.
Package xcolor Info: Model `cmy' substituted by `cmy0' on input line 1348.
Package xcolor Info: Model `hsb' substituted by `rgb' on input line 1352.
Package xcolor Info: Model `RGB' extended on input line 1364.
Package xcolor Info: Model `HTML' substituted by `rgb' on input line 1366.
Package xcolor Info: Model `Hsb' substituted by `hsb' on input line 1367.
Package xcolor Info: Model `tHsb' substituted by `hsb' on input line 1368.
Package xcolor Info: Model `HSB' substituted by `hsb' on input line 1369.
Package xcolor Info: Model `Gray' substituted by `gray' on input line 1370.
Package xcolor Info: Model `wave' substituted by `hsb' on input line 1371.
)
("C:\Program Files\MiKTeX 2.9\tex\generic\pgf\basiclayer\pgfcore.code.tex"
Package: pgfcore 2010/04/11 v3.0.1a (rcs-revision 1.7)

("C:\Program Files\MiKTeX 2.9\tex\generic\pgf\math\pgfmath.code.tex"
("C:\Program Files\MiKTeX 2.9\tex\generic\pgf\math\pgfmathcalc.code.tex"
("C:\Program Files\MiKTeX 2.9\tex\generic\pgf\math\pgfmathutil.code.tex")
("C:\Program Files\MiKTeX 2.9\tex\generic\pgf\math\pgfmathparser.code.tex"
\pgfmath@dimen=\dimen139
\pgfmath@count=\count112
\pgfmath@box=\box35
\pgfmath@toks=\toks23
\pgfmath@stack@operand=\toks24
\pgfmath@stack@operation=\toks25
)
("C:\Program Files\MiKTeX 2.9\tex\generic\pgf\math\pgfmathfunctions.code.tex"
("C:\Program Files\MiKTeX 2.9\tex\generic\pgf\math\pgfmathfunctions.basic.code.
tex")
("C:\Program Files\MiKTeX 2.9\tex\generic\pgf\math\pgfmathfunctions.trigonometr
ic.code.tex")
("C:\Program Files\MiKTeX 2.9\tex\generic\pgf\math\pgfmathfunctions.random.code
.tex")
("C:\Program Files\MiKTeX 2.9\tex\generic\pgf\math\pgfmathfunctions.comparison.
code.tex")
("C:\Program Files\MiKTeX 2.9\tex\generic\pgf\math\pgfmathfunctions.base.code.t
ex")
("C:\Program Files\MiKTeX 2.9\tex\generic\pgf\math\pgfmathfunctions.round.code.
tex")
("C:\Program Files\MiKTeX 2.9\tex\generic\pgf\math\pgfmathfunctions.misc.code.t
ex")
("C:\Program Files\MiKTeX 2.9\tex\generic\pgf\math\pgfmathfunctions.integerarit
hmetics.code.tex")))
("C:\Program Files\MiKTeX 2.9\tex\generic\pgf\math\pgfmathfloat.code.tex"
\c@pgfmathroundto@lastzeros=\count113
))
("C:\Program Files\MiKTeX 2.9\tex\generic\pgf\basiclayer\pgfcorepoints.code.tex
"
File: pgfcorepoints.code.tex 2013/10/07  (rcs-revision 1.27)
\pgf@picminx=\dimen140
\pgf@picmaxx=\dimen141
\pgf@picminy=\dimen142
\pgf@picmaxy=\dimen143
\pgf@pathminx=\dimen144
\pgf@pathmaxx=\dimen145
\pgf@pathminy=\dimen146
\pgf@pathmaxy=\dimen147
\pgf@xx=\dimen148
\pgf@xy=\dimen149
\pgf@yx=\dimen150
\pgf@yy=\dimen151
\pgf@zx=\dimen152
\pgf@zy=\dimen153
)
("C:\Program Files\MiKTeX 2.9\tex\generic\pgf\basiclayer\pgfcorepathconstruct.c
ode.tex"
File: pgfcorepathconstruct.code.tex 2013/10/07  (rcs-revision 1.29)
\pgf@path@lastx=\dimen154
\pgf@path@lasty=\dimen155
)
("C:\Program Files\MiKTeX 2.9\tex\generic\pgf\basiclayer\pgfcorepathusage.code.
tex"
File: pgfcorepathusage.code.tex 2014/11/02  (rcs-revision 1.24)
\pgf@shorten@end@additional=\dimen156
\pgf@shorten@start@additional=\dimen157
)
("C:\Program Files\MiKTeX 2.9\tex\generic\pgf\basiclayer\pgfcorescopes.code.tex
"
File: pgfcorescopes.code.tex 2015/05/08  (rcs-revision 1.46)
\pgfpic=\box36
\pgf@hbox=\box37
\pgf@layerbox@main=\box38
\pgf@picture@serial@count=\count114
)
("C:\Program Files\MiKTeX 2.9\tex\generic\pgf\basiclayer\pgfcoregraphicstate.co
de.tex"
File: pgfcoregraphicstate.code.tex 2014/11/02  (rcs-revision 1.12)
\pgflinewidth=\dimen158
)
("C:\Program Files\MiKTeX 2.9\tex\generic\pgf\basiclayer\pgfcoretransformations
.code.tex"
File: pgfcoretransformations.code.tex 2015/08/07  (rcs-revision 1.20)
\pgf@pt@x=\dimen159
\pgf@pt@y=\dimen160
\pgf@pt@temp=\dimen161
)
("C:\Program Files\MiKTeX 2.9\tex\generic\pgf\basiclayer\pgfcorequick.code.tex"
File: pgfcorequick.code.tex 2008/10/09  (rcs-revision 1.3)
)
("C:\Program Files\MiKTeX 2.9\tex\generic\pgf\basiclayer\pgfcoreobjects.code.te
x"
File: pgfcoreobjects.code.tex 2006/10/11  (rcs-revision 1.2)
)
("C:\Program Files\MiKTeX 2.9\tex\generic\pgf\basiclayer\pgfcorepathprocessing.
code.tex"
File: pgfcorepathprocessing.code.tex 2013/09/09  (rcs-revision 1.9)
)
("C:\Program Files\MiKTeX 2.9\tex\generic\pgf\basiclayer\pgfcorearrows.code.tex
"
File: pgfcorearrows.code.tex 2015/05/14  (rcs-revision 1.43)
\pgfarrowsep=\dimen162
)
("C:\Program Files\MiKTeX 2.9\tex\generic\pgf\basiclayer\pgfcoreshade.code.tex"
File: pgfcoreshade.code.tex 2013/07/15  (rcs-revision 1.15)
\pgf@max=\dimen163
\pgf@sys@shading@range@num=\count115
) ("C:\Program Files\MiKTeX 2.9\tex\generic\pgf\basiclayer\pgfcoreimage.code.te
x"
File: pgfcoreimage.code.tex 2013/07/15  (rcs-revision 1.18)

("C:\Program Files\MiKTeX 2.9\tex\generic\pgf\basiclayer\pgfcoreexternal.code.t
ex"
File: pgfcoreexternal.code.tex 2014/07/09  (rcs-revision 1.21)
\pgfexternal@startupbox=\box39
))
("C:\Program Files\MiKTeX 2.9\tex\generic\pgf\basiclayer\pgfcorelayers.code.tex
"
File: pgfcorelayers.code.tex 2013/07/18  (rcs-revision 1.7)
)
("C:\Program Files\MiKTeX 2.9\tex\generic\pgf\basiclayer\pgfcoretransparency.co
de.tex"
File: pgfcoretransparency.code.tex 2013/09/30  (rcs-revision 1.5)
)
("C:\Program Files\MiKTeX 2.9\tex\generic\pgf\basiclayer\pgfcorepatterns.code.t
ex"
File: pgfcorepatterns.code.tex 2013/11/07  (rcs-revision 1.5)
))) ("C:\Program Files\MiKTeX 2.9\tex\latex\pgf\utilities\xxcolor.sty"
Package: xxcolor 2003/10/24 ver 0.1
\XC@nummixins=\count116
\XC@countmixins=\count117
)
("C:\Program Files\MiKTeX 2.9\tex\generic\oberdiek\atbegshi.sty"
Package: atbegshi 2016/05/16 v1.17 At begin shipout hook (HO)
)
("C:\Program Files\MiKTeX 2.9\tex\latex\hyperref\hyperref.sty"
Package: hyperref 2016/05/21 v6.83p Hypertext links for LaTeX

("C:\Program Files\MiKTeX 2.9\tex\generic\oberdiek\hobsub-hyperref.sty"
Package: hobsub-hyperref 2016/05/16 v1.14 Bundle oberdiek, subset hyperref (HO)


("C:\Program Files\MiKTeX 2.9\tex\generic\oberdiek\hobsub-generic.sty"
Package: hobsub-generic 2016/05/16 v1.14 Bundle oberdiek, subset generic (HO)
Package: hobsub 2016/05/16 v1.14 Construct package bundles (HO)
Package hobsub Info: Skipping package `infwarerr' (already loaded).
Package hobsub Info: Skipping package `ltxcmds' (already loaded).
Package: ifluatex 2016/05/16 v1.4 Provides the ifluatex switch (HO)
Package ifluatex Info: LuaTeX not detected.
Package hobsub Info: Skipping package `ifvtex' (already loaded).
Package: intcalc 2016/05/16 v1.2 Expandable calculations with integers (HO)
Package hobsub Info: Skipping package `ifpdf' (already loaded).
Package: etexcmds 2016/05/16 v1.6 Avoid name clashes with e-TeX commands (HO)
Package etexcmds Info: Could not find \expanded.
(etexcmds)             That can mean that you are not using pdfTeX 1.50 or
(etexcmds)             that some package has redefined \expanded.
(etexcmds)             In the latter case, load this package earlier.
Package: kvsetkeys 2016/05/16 v1.17 Key value parser (HO)
Package: kvdefinekeys 2016/05/16 v1.4 Define keys (HO)
Package: pdftexcmds 2016/05/21 v0.22 Utility functions of pdfTeX for LuaTeX (HO
)
Package pdftexcmds Info: LuaTeX not detected.
Package pdftexcmds Info: \pdf@primitive is available.
Package pdftexcmds Info: \pdf@ifprimitive is available.
Package pdftexcmds Info: \pdfdraftmode found.
Package: pdfescape 2016/05/16 v1.14 Implements pdfTeX's escape features (HO)
Package: bigintcalc 2016/05/16 v1.4 Expandable calculations on big integers (HO
)
Package: bitset 2016/05/16 v1.2 Handle bit-vector datatype (HO)
Package: uniquecounter 2016/05/16 v1.3 Provide unlimited unique counter (HO)
)
Package hobsub Info: Skipping package `hobsub' (already loaded).
Package: letltxmacro 2016/05/16 v1.5 Let assignment for LaTeX macros (HO)
Package: hopatch 2016/05/16 v1.3 Wrapper for package hooks (HO)
Package: xcolor-patch 2016/05/16 xcolor patch
Package: atveryend 2016/05/16 v1.9 Hooks at the very end of document (HO)
Package atveryend Info: \enddocument detected (standard20110627).
Package hobsub Info: Skipping package `atbegshi' (already loaded).
Package: refcount 2016/05/16 v3.5 Data extraction from label references (HO)
Package: hycolor 2016/05/16 v1.8 Color options for hyperref/bookmark (HO)
)
("C:\Program Files\MiKTeX 2.9\tex\latex\oberdiek\auxhook.sty"
Package: auxhook 2016/05/16 v1.4 Hooks for auxiliary files (HO)
)
("C:\Program Files\MiKTeX 2.9\tex\latex\oberdiek\kvoptions.sty"
Package: kvoptions 2016/05/16 v3.12 Key value format for package options (HO)
)
\@linkdim=\dimen164
\Hy@linkcounter=\count118
\Hy@pagecounter=\count119

("C:\Program Files\MiKTeX 2.9\tex\latex\hyperref\pd1enc.def"
File: pd1enc.def 2016/05/21 v6.83p Hyperref: PDFDocEncoding definition (HO)
)
\Hy@SavedSpaceFactor=\count120

("C:\Program Files\MiKTeX 2.9\tex\latex\00miktex\hyperref.cfg"
File: hyperref.cfg 2002/06/06 v1.2 hyperref configuration of TeXLive
)
Package hyperref Info: Option `bookmarks' set `true' on input line 4362.
Package hyperref Info: Option `bookmarksopen' set `true' on input line 4362.
Package hyperref Info: Option `implicit' set `false' on input line 4362.
Package hyperref Info: Hyper figures OFF on input line 4486.
Package hyperref Info: Link nesting OFF on input line 4491.
Package hyperref Info: Hyper index ON on input line 4494.
Package hyperref Info: Plain pages OFF on input line 4501.
Package hyperref Info: Backreferencing OFF on input line 4506.
Package hyperref Info: Implicit mode OFF; no redefinition of LaTeX internals.
Package hyperref Info: Bookmarks ON on input line 4735.
\c@Hy@tempcnt=\count121

("C:\Program Files\MiKTeX 2.9\tex\latex\url\url.sty"
\Urlmuskip=\muskip10
Package: url 2013/09/16  ver 3.4  Verb mode for urls, etc.
)
LaTeX Info: Redefining \url on input line 5088.
\XeTeXLinkMargin=\dimen165
\Fld@menulength=\count122
\Field@Width=\dimen166
\Fld@charsize=\dimen167
Package hyperref Info: Hyper figures OFF on input line 6342.
Package hyperref Info: Link nesting OFF on input line 6347.
Package hyperref Info: Hyper index ON on input line 6350.
Package hyperref Info: backreferencing OFF on input line 6357.
Package hyperref Info: Link coloring OFF on input line 6362.
Package hyperref Info: Link coloring with OCG OFF on input line 6367.
Package hyperref Info: PDF/A mode OFF on input line 6372.
LaTeX Info: Redefining \ref on input line 6412.
LaTeX Info: Redefining \pageref on input line 6416.
\Hy@abspage=\count123


Package hyperref Message: Stopped early.

)

Package hyperref Message: Driver (autodetected): hpdftex.

("C:\Program Files\MiKTeX 2.9\tex\latex\hyperref\hpdftex.def"
File: hpdftex.def 2016/05/21 v6.83p Hyperref driver for pdfTeX
\Fld@listcount=\count124
\c@bookmark@seq@number=\count125

("C:\Program Files\MiKTeX 2.9\tex\latex\oberdiek\rerunfilecheck.sty"
Package: rerunfilecheck 2016/05/16 v1.8 Rerun checks for auxiliary files (HO)
Package uniquecounter Info: New unique counter `rerunfilecheck' on input line 2
82.
))
("C:\Program Files\MiKTeX 2.9\tex\latex\beamer\base\beamerbaserequires.sty"
Package: beamerbaserequires 2010/05/01  (rcs-revision efa082c6111d)

("C:\Program Files\MiKTeX 2.9\tex\latex\beamer\base\beamerbasecompatibility.sty
"
Package: beamerbasecompatibility 2012/05/01  (rcs-revision 67c48b3b652d)
) ("C:\Program Files\MiKTeX 2.9\tex\latex\beamer\base\beamerbasefont.sty"
Package: beamerbasefont 2015/01/05  (rcs-revision b4b4bee242e2)

("C:\Program Files\MiKTeX 2.9\tex\latex\amsfonts\amssymb.sty"
Package: amssymb 2013/01/14 v3.01 AMS font symbols

("C:\Program Files\MiKTeX 2.9\tex\latex\amsfonts\amsfonts.sty"
Package: amsfonts 2013/01/14 v3.01 Basic AMSFonts support
\@emptytoks=\toks26
\symAMSa=\mathgroup4
\symAMSb=\mathgroup5
LaTeX Font Info:    Overwriting math alphabet `\mathfrak' in version `bold'
(Font)                  U/euf/m/n --> U/euf/b/n on input line 106.
))
("C:\Program Files\MiKTeX 2.9\tex\latex\sansmathaccent\sansmathaccent.sty"
Package: sansmathaccent 2013/03/28

("C:\Program Files\MiKTeX 2.9\tex\latex\filehook\filehook.sty"
Package: filehook 2011/10/12 v0.5d Hooks for input files
)))
("C:\Program Files\MiKTeX 2.9\tex\latex\beamer\base\beamerbasetranslator.sty"
Package: beamerbasetranslator 2010/06/11  (rcs-revision 85fd1cc7fc42)

("C:\Program Files\MiKTeX 2.9\tex\latex\beamer\base\translator\translator.sty"
Package: translator 2010/06/12 ver 1.10

("C:\Program Files\MiKTeX 2.9\tex\latex\beamer\base\translator\translator-langu
age-mappings.tex")))
("C:\Program Files\MiKTeX 2.9\tex\latex\beamer\base\beamerbasemisc.sty"
Package: beamerbasemisc 2013/09/03  (rcs-revision a55719c41d85)
)
("C:\Program Files\MiKTeX 2.9\tex\latex\beamer\base\beamerbasetwoscreens.sty"
Package: beamerbasetwoscreens 2010/05/01  (rcs-revision efa082c6111d)
)
("C:\Program Files\MiKTeX 2.9\tex\latex\beamer\base\beamerbaseoverlay.sty"
Package: beamerbaseoverlay 2013/12/25  (rcs-revision f6bd5e3805da)
\beamer@argscount=\count126
\beamer@lastskipcover=\skip44
\beamer@trivlistdepth=\count127
)
("C:\Program Files\MiKTeX 2.9\tex\latex\beamer\base\beamerbasetitle.sty"
Package: beamerbasetitle 2010/09/21  (rcs-revision f0446ed0b6ae)
)
("C:\Program Files\MiKTeX 2.9\tex\latex\beamer\base\beamerbasesection.sty"
Package: beamerbasesection 2013/06/07  (rcs-revision 60b9fe0f342f)
\c@lecture=\count128
\c@part=\count129
\c@section=\count130
\c@subsection=\count131
\c@subsubsection=\count132
)
("C:\Program Files\MiKTeX 2.9\tex\latex\beamer\base\beamerbaseframe.sty"
Package: beamerbaseframe 2014/02/20  (rcs-revision 4b8ceeeff434)
\beamer@framebox=\box40
\beamer@frametitlebox=\box41
\beamer@zoombox=\box42
\beamer@zoomcount=\count133
\beamer@zoomframecount=\count134
\beamer@frametextheight=\dimen168
\c@subsectionslide=\count135
\beamer@frametopskip=\skip45
\beamer@framebottomskip=\skip46
\beamer@frametopskipautobreak=\skip47
\beamer@framebottomskipautobreak=\skip48
\beamer@envbody=\toks27
\framewidth=\dimen169
\c@framenumber=\count136
)
("C:\Program Files\MiKTeX 2.9\tex\latex\beamer\base\beamerbaseverbatim.sty"
Package: beamerbaseverbatim 2015/01/05  (rcs-revision 431510bb5890)
\beamer@verbatimfileout=\write4
)
("C:\Program Files\MiKTeX 2.9\tex\latex\beamer\base\beamerbaseframesize.sty"
Package: beamerbaseframesize 2011/09/12  (rcs-revision 70f9d8411e54)
\beamer@splitbox=\box43
\beamer@autobreakcount=\count137
\beamer@autobreaklastheight=\dimen170
\beamer@frametitletoks=\toks28
\beamer@framesubtitletoks=\toks29
)
("C:\Program Files\MiKTeX 2.9\tex\latex\beamer\base\beamerbaseframecomponents.s
ty"
Package: beamerbaseframecomponents 2013/10/18  (rcs-revision 5cf6c5555a45)
\beamer@footins=\box44
) ("C:\Program Files\MiKTeX 2.9\tex\latex\beamer\base\beamerbasecolor.sty"
Package: beamerbasecolor 2015/02/21  (rcs-revision d944b04ee2d5)
)
("C:\Program Files\MiKTeX 2.9\tex\latex\beamer\base\beamerbasenotes.sty"
Package: beamerbasenotes 2012/12/19  (rcs-revision 1686da3db3c9)
\beamer@frameboxcopy=\box45
)
("C:\Program Files\MiKTeX 2.9\tex\latex\beamer\base\beamerbasetoc.sty"
Package: beamerbasetoc 2015/03/08  (rcs-revision 7270298bbaae)
)
("C:\Program Files\MiKTeX 2.9\tex\latex\beamer\base\beamerbasetemplates.sty"
Package: beamerbasetemplates 2010/05/01  (rcs-revision efa082c6111d)
\beamer@sbttoks=\toks30

("C:\Program Files\MiKTeX 2.9\tex\latex\beamer\base\beamerbaseauxtemplates.sty"
Package: beamerbaseauxtemplates 2014/06/30  (rcs-revision 580088513a67)
("C:\Program Files\MiKTeX 2.9\tex\latex\beamer\base\beamerbaseboxes.sty"
Package: beamerbaseboxes 2012/05/13  (rcs-revision 56972908a390)
\bmb@box=\box46
\bmb@colorbox=\box47
\bmb@boxshadow=\box48
\bmb@boxshadowball=\box49
\bmb@boxshadowballlarge=\box50
\bmb@temp=\dimen171
\bmb@dima=\dimen172
\bmb@dimb=\dimen173
\bmb@prevheight=\dimen174
)
\beamer@blockheadheight=\dimen175
))
("C:\Program Files\MiKTeX 2.9\tex\latex\beamer\base\beamerbaselocalstructure.st
y"
Package: beamerbaselocalstructure 2014/09/10  (rcs-revision 393f6dcff371)
 ("C:\Program Files\MiKTeX 2.9\tex\latex\tools\enumerate.sty"
Package: enumerate 2015/07/23 v3.00 enumerate extensions (DPC)
\@enLab=\toks31
)
\c@figure=\count138
\c@table=\count139
\abovecaptionskip=\skip49
\belowcaptionskip=\skip50
)
("C:\Program Files\MiKTeX 2.9\tex\latex\beamer\base\beamerbasenavigation.sty"
Package: beamerbasenavigation 2015/02/27  (rcs-revision 923f4bf87efa)
\beamer@section@min@dim=\dimen176
)
("C:\Program Files\MiKTeX 2.9\tex\latex\beamer\base\beamerbasetheorems.sty"
Package: beamerbasetheorems 2010/06/06  (rcs-revision 7e7cc5e53e9d)

("C:\Program Files\MiKTeX 2.9\tex\latex\amsmath\amsmath.sty"
Package: amsmath 2016/03/10 v2.15b AMS math features
\@mathmargin=\skip51

For additional information on amsmath, use the `?' option.
("C:\Program Files\MiKTeX 2.9\tex\latex\amsmath\amstext.sty"
Package: amstext 2000/06/29 v2.01 AMS text

("C:\Program Files\MiKTeX 2.9\tex\latex\amsmath\amsgen.sty"
File: amsgen.sty 1999/11/30 v2.0 generic functions
\@emptytoks=\toks32
\ex@=\dimen177
))
("C:\Program Files\MiKTeX 2.9\tex\latex\amsmath\amsbsy.sty"
Package: amsbsy 1999/11/29 v1.2d Bold Symbols
\pmbraise@=\dimen178
)
("C:\Program Files\MiKTeX 2.9\tex\latex\amsmath\amsopn.sty"
Package: amsopn 2016/03/08 v2.02 operator names
)
\inf@bad=\count140
LaTeX Info: Redefining \frac on input line 199.
\uproot@=\count141
\leftroot@=\count142
LaTeX Info: Redefining \overline on input line 297.
\classnum@=\count143
\DOTSCASE@=\count144
LaTeX Info: Redefining \ldots on input line 394.
LaTeX Info: Redefining \dots on input line 397.
LaTeX Info: Redefining \cdots on input line 518.
\Mathstrutbox@=\box51
\strutbox@=\box52
\big@size=\dimen179
LaTeX Font Info:    Redeclaring font encoding OML on input line 634.
LaTeX Font Info:    Redeclaring font encoding OMS on input line 635.
\macc@depth=\count145
\c@MaxMatrixCols=\count146
\dotsspace@=\muskip11
\c@parentequation=\count147
\dspbrk@lvl=\count148
\tag@help=\toks33
\row@=\count149
\column@=\count150
\maxfields@=\count151
\andhelp@=\toks34
\eqnshift@=\dimen180
\alignsep@=\dimen181
\tagshift@=\dimen182
\tagwidth@=\dimen183
\totwidth@=\dimen184
\lineht@=\dimen185
\@envbody=\toks35
\multlinegap=\skip52
\multlinetaggap=\skip53
\mathdisplay@stack=\toks36
LaTeX Info: Redefining \[ on input line 2739.
LaTeX Info: Redefining \] on input line 2740.
)
("C:\Program Files\MiKTeX 2.9\tex\latex\amscls\amsthm.sty"
Package: amsthm 2015/03/04 v2.20.2
\thm@style=\toks37
\thm@bodyfont=\toks38
\thm@headfont=\toks39
\thm@notefont=\toks40
\thm@headpunct=\toks41
\thm@preskip=\skip54
\thm@postskip=\skip55
\thm@headsep=\skip56
\dth@everypar=\toks42
)
\c@theorem=\count152
)
("C:\Program Files\MiKTeX 2.9\tex\latex\beamer\base\beamerbasethemes.sty"
Package: beamerbasethemes 2010/05/01  (rcs-revision efa082c6111d)
))
("C:\Program Files\MiKTeX 2.9\tex\latex\beamer\base\themes\theme\beamerthemedef
ault.sty"
Package: beamerthemedefault 2010/06/17  (rcs-revision d02a7cf4d8ae)

("C:\Program Files\MiKTeX 2.9\tex\latex\beamer\base\themes\font\beamerfonttheme
default.sty"
Package: beamerfontthemedefault 2012/12/19  (rcs-revision 1686da3db3c9)
)
("C:\Program Files\MiKTeX 2.9\tex\latex\beamer\base\themes\color\beamercolorthe
medefault.sty"
Package: beamercolorthemedefault 2012/12/19  (rcs-revision 1686da3db3c9)
)
("C:\Program Files\MiKTeX 2.9\tex\latex\beamer\base\themes\inner\beamerinnerthe
medefault.sty"
Package: beamerinnerthemedefault 2014/06/30  (rcs-revision 580088513a67)
\beamer@dima=\dimen186
\beamer@dimb=\dimen187
)
("C:\Program Files\MiKTeX 2.9\tex\latex\beamer\base\themes\outer\beamerouterthe
medefault.sty"
Package: beamerouterthemedefault 2012/12/19  (rcs-revision 1686da3db3c9)
))) (beamerthemetue2008.sty
("C:\Program Files\MiKTeX 2.9\tex\latex\base\ifthen.sty"
Package: ifthen 2014/09/29 v1.1c Standard LaTeX ifthen package (DPC)
)
("C:\Program Files\MiKTeX 2.9\tex\latex\pgf\utilities\pgfpages.sty"
Package: pgfpages 2011/01/05 ver 0.02

("C:\Program Files\MiKTeX 2.9\tex\latex\tools\calc.sty"
Package: calc 2014/10/28 v4.3 Infix arithmetic (KKT,FJ)
\calc@Acount=\count153
\calc@Bcount=\count154
\calc@Adimen=\dimen188
\calc@Bdimen=\dimen189
\calc@Askip=\skip57
\calc@Bskip=\skip58
LaTeX Info: Redefining \setlength on input line 80.
LaTeX Info: Redefining \addtolength on input line 81.
\calc@Ccount=\count155
\calc@Cskip=\skip59
)
\pgf@logicalpages=\count156
\pgf@firstshipout=\count157
\pgf@lastshipout=\count158
\pgf@currentshipout=\count159
\pgf@cpn=\count160
\pgf@shipoutnextto=\count161
\pgfphysicalheight=\dimen190
\pgfphysicalwidth=\dimen191
\pgfpages@shipoutbox=\box53
)
(beamerouterthemetue2008plain.sty
("C:\Program Files\MiKTeX 2.9\tex\latex\base\fontenc.sty"
Package: fontenc 2005/09/27 v1.99g Standard LaTeX package

("C:\Program Files\MiKTeX 2.9\tex\latex\base\t1enc.def"
File: t1enc.def 2005/09/27 v1.99g Standard LaTeX file
LaTeX Font Info:    Redeclaring font encoding T1 on input line 48.
))
\frametitlewidth=\skip60
\frametitleheight=\skip61
)
(beamercolorthemetue2008plain.sty) (beamerfontthemetue2008plain.sty
("C:\Program Files\MiKTeX 2.9\tex\latex\mathtime\mathtime.sty"
Package: mathtime 1999/03/29 v1.1mathtime font support (FMi/DPC)
LaTeX Font Info:    Encoding `OT1' has changed to `T1' for symbol font
(Font)              `operators' in the math version `normal' on input line 77.
LaTeX Font Info:    Overwriting symbol font `operators' in version `normal'
(Font)                  OT1/cmr/m/n --> T1/ptm/m/n on input line 77.
LaTeX Font Info:    Encoding `OML' has changed to `MY1' for symbol font
(Font)              `letters' in the math version `normal' on input line 78.
LaTeX Font Info:    Overwriting symbol font `letters' in version `normal'
(Font)                  OML/cmm/m/it --> MY1/mtt/m/it on input line 78.
LaTeX Font Info:    Encoding `OMS' has changed to `MY2' for symbol font
(Font)              `symbols' in the math version `normal' on input line 79.
LaTeX Font Info:    Overwriting symbol font `symbols' in version `normal'
(Font)                  OMS/cmsy/m/n --> MY2/mtt/m/n on input line 79.
LaTeX Font Info:    Encoding `OMX' has changed to `MY3' for symbol font
(Font)              `largesymbols' in the math version `normal' on input line 8
0.
LaTeX Font Info:    Overwriting symbol font `largesymbols' in version `normal'
(Font)                  OMX/cmex/m/n --> MY3/mtt/m/n on input line 80.
LaTeX Font Info:    Encoding `OT1' has changed to `T1' for symbol font
(Font)              `operators' in the math version `bold' on input line 108.
LaTeX Font Info:    Overwriting symbol font `operators' in version `bold'
(Font)                  OT1/cmr/bx/n --> T1/ptm/b/n on input line 108.
LaTeX Font Info:    Encoding `OML' has changed to `MY1' for symbol font
(Font)              `letters' in the math version `bold' on input line 109.
LaTeX Font Info:    Overwriting symbol font `letters' in version `bold'
(Font)                  OML/cmm/b/it --> MY1/mtt/b/it on input line 109.
LaTeX Font Info:    Encoding `OMS' has changed to `MY2' for symbol font
(Font)              `symbols' in the math version `bold' on input line 110.
LaTeX Font Info:    Overwriting symbol font `symbols' in version `bold'
(Font)                  OMS/cmsy/b/n --> MY2/mtt/b/n on input line 110.
LaTeX Font Info:    Encoding `OMX' has changed to `MY3' for symbol font
(Font)              `largesymbols' in the math version `bold' on input line 111
.
LaTeX Font Info:    Overwriting symbol font `largesymbols' in version `bold'
(Font)                  OMX/cmex/m/n --> MY3/mtt/b/n on input line 111.
\c@mv@heavy=\count162
LaTeX Font Info:    Encoding `OT1' has changed to `T1' for symbol font
(Font)              `operators' in the math version `heavy' on input line 113.
LaTeX Font Info:    Overwriting symbol font `operators' in version `heavy'
(Font)                  OT1/cmr/m/n --> T1/ptm/b/n on input line 113.
LaTeX Font Info:    Encoding `OML' has changed to `MY1' for symbol font
(Font)              `letters' in the math version `heavy' on input line 114.
LaTeX Font Info:    Overwriting symbol font `letters' in version `heavy'
(Font)                  OML/cmm/m/it --> MY1/mtt/ub/it on input line 114.
LaTeX Font Info:    Encoding `OMS' has changed to `MY2' for symbol font
(Font)              `symbols' in the math version `heavy' on input line 115.
LaTeX Font Info:    Overwriting symbol font `symbols' in version `heavy'
(Font)                  OMS/cmsy/m/n --> MY2/mtt/ub/n on input line 115.
LaTeX Font Info:    Encoding `OMX' has changed to `MY3' for symbol font
(Font)              `largesymbols' in the math version `heavy' on input line 11
6.
LaTeX Font Info:    Overwriting symbol font `largesymbols' in version `heavy'
(Font)                  OMX/cmex/m/n --> MY3/mtt/ub/n on input line 116.
LaTeX Font Info:    Overwriting math alphabet `\mathrm' in version `normal'
(Font)                  T1/ptm/m/n --> T1/ptm/m/n on input line 136.
LaTeX Font Info:    Overwriting math alphabet `\mathbf' in version `normal'
(Font)                  OT1/cmr/bx/n --> T1/ptm/b/n on input line 137.
LaTeX Font Info:    Overwriting math alphabet `\mathit' in version `normal'
(Font)                  OT1/cmr/m/it --> T1/ptm/m/it on input line 138.
LaTeX Font Info:    Overwriting math alphabet `\mathsf' in version `normal'
(Font)                  OT1/cmss/m/n --> T1/phv/m/n on input line 139.
LaTeX Font Info:    Overwriting math alphabet `\mathtt' in version `normal'
(Font)                  OT1/cmtt/m/n --> T1/pcr/m/n on input line 140.
LaTeX Font Info:    Overwriting math alphabet `\mathrm' in version `bold'
(Font)                  T1/ptm/b/n --> T1/ptm/b/n on input line 143.
LaTeX Font Info:    Overwriting math alphabet `\mathbf' in version `bold'
(Font)                  OT1/cmr/bx/n --> T1/ptm/b/n on input line 144.
LaTeX Font Info:    Overwriting math alphabet `\mathit' in version `bold'
(Font)                  OT1/cmr/bx/it --> T1/ptm/b/it on input line 145.
LaTeX Font Info:    Overwriting math alphabet `\mathsf' in version `bold'
(Font)                  OT1/cmss/bx/n --> T1/phv/b/n on input line 146.
LaTeX Font Info:    Overwriting math alphabet `\mathtt' in version `bold'
(Font)                  OT1/cmtt/m/n --> T1/pcr/b/n on input line 147.
LaTeX Font Info:    Overwriting math alphabet `\mathrm' in version `heavy'
(Font)                  T1/ptm/b/n --> T1/ptm/b/n on input line 151.
LaTeX Font Info:    Overwriting math alphabet `\mathbf' in version `heavy'
(Font)                  OT1/cmr/bx/n --> T1/ptm/b/n on input line 152.
LaTeX Font Info:    Overwriting math alphabet `\mathit' in version `heavy'
(Font)                  OT1/cmr/m/it --> T1/ptm/b/it on input line 153.
LaTeX Font Info:    Overwriting math alphabet `\mathsf' in version `heavy'
(Font)                  OT1/cmss/m/n --> T1/phv/b/n on input line 154.
LaTeX Font Info:    Overwriting math alphabet `\mathtt' in version `heavy'
(Font)                  OT1/cmtt/m/n --> T1/pcr/b/n on input line 155.
LaTeX Font Info:    Overwriting math alphabet `\mathcal' in version `normal'
(Font)                  U/mtms/b/n --> U/mtms/m/n on input line 178.
LaTeX Font Info:    Redeclaring math symbol \Gamma on input line 188.
LaTeX Font Info:    Redeclaring math symbol \Delta on input line 189.
LaTeX Font Info:    Redeclaring math symbol \Theta on input line 190.
LaTeX Font Info:    Redeclaring math symbol \Lambda on input line 191.
LaTeX Font Info:    Redeclaring math symbol \Xi on input line 192.
LaTeX Font Info:    Redeclaring math symbol \Pi on input line 193.
LaTeX Font Info:    Redeclaring math symbol \Sigma on input line 194.
LaTeX Font Info:    Redeclaring math symbol \Upsilon on input line 195.
LaTeX Font Info:    Redeclaring math symbol \Phi on input line 196.
LaTeX Font Info:    Redeclaring math symbol \Psi on input line 197.
LaTeX Font Info:    Redeclaring math symbol \Omega on input line 198.
LaTeX Font Info:    Redeclaring math symbol \varGamma on input line 199.
LaTeX Font Info:    Redeclaring math symbol \varDelta on input line 200.
LaTeX Font Info:    Redeclaring math symbol \varTheta on input line 201.
LaTeX Font Info:    Redeclaring math symbol \varLambda on input line 202.
LaTeX Font Info:    Redeclaring math symbol \varXi on input line 203.
LaTeX Font Info:    Redeclaring math symbol \varPi on input line 204.
LaTeX Font Info:    Redeclaring math symbol \varSigma on input line 205.
LaTeX Font Info:    Redeclaring math symbol \varUpsilon on input line 206.
LaTeX Font Info:    Redeclaring math symbol \varPhi on input line 207.
LaTeX Font Info:    Redeclaring math symbol \varPsi on input line 208.
LaTeX Font Info:    Redeclaring math symbol \varOmega on input line 209.
LaTeX Font Info:    Redeclaring math symbol \triangleleft on input line 214.
LaTeX Font Info:    Redeclaring math symbol \triangleright on input line 215.
LaTeX Font Info:    Redeclaring math symbol \varkappa on input line 225.
LaTeX Font Info:    Redeclaring math accent \vec on input line 226.
LaTeX Font Info:    Redeclaring math accent \grave on input line 227.
LaTeX Font Info:    Redeclaring math accent \acute on input line 228.
LaTeX Font Info:    Redeclaring math accent \check on input line 229.
LaTeX Font Info:    Redeclaring math accent \breve on input line 230.
LaTeX Font Info:    Redeclaring math accent \bar on input line 231.
LaTeX Font Info:    Redeclaring math accent \hat on input line 232.
LaTeX Font Info:    Redeclaring math accent \dot on input line 233.
LaTeX Font Info:    Redeclaring math accent \tilde on input line 234.
LaTeX Font Info:    Redeclaring math accent \ddot on input line 235.
LaTeX Info: Redefining \hbar on input line 262.
\symtextcomp=\mathgroup6
LaTeX Font Info:    Overwriting symbol font `textcomp' in version `bold'
(Font)                  TS1/ptm/m/n --> TS1/ptm/b/n on input line 297.
LaTeX Font Info:    Overwriting symbol font `textcomp' in version `heavy'
(Font)                  TS1/ptm/m/n --> TS1/ptm/b/n on input line 301.
LaTeX Font Info:    Redeclaring math symbol \dagger on input line 303.
LaTeX Font Info:    Redeclaring math symbol \ddagger on input line 304.
LaTeX Font Info:    Redeclaring math symbol \mathsection on input line 305.
LaTeX Font Info:    Redeclaring math symbol \mathparagraph on input line 306.
)
("C:\Program Files\MiKTeX 2.9\tex\latex\base\fontenc.sty"
Package: fontenc 2005/09/27 v1.99g Standard LaTeX package

("C:\Program Files\MiKTeX 2.9\tex\latex\base\t1enc.def"
File: t1enc.def 2005/09/27 v1.99g Standard LaTeX file
LaTeX Font Info:    Redeclaring font encoding T1 on input line 48.
)))
Package hyperref Info: Option `colorlinks' set `true' on input line 230.
)
("C:\Program Files\MiKTeX 2.9\tex\generic\babel\babel.sty"
Package: babel 2016/04/23 3.9r The Babel package

*************************************
* Local config file bblopts.cfg used
*
("C:\Program Files\MiKTeX 2.9\tex\latex\arabi\bblopts.cfg"
File: bblopts.cfg 2005/09/08 v0.1 add Arabic and Farsi to "declared" options of
 babel
)
("C:\Program Files\MiKTeX 2.9\tex\latex\babel-english\english.ldf"
Language: english 2012/08/20 v3.3p English support from the babel system

("C:\Program Files\MiKTeX 2.9\tex\generic\babel\babel.def"
File: babel.def 2016/04/23 3.9r Babel common definitions
\babel@savecnt=\count163
\U@D=\dimen192
LaTeX Info: Redefining \textlatin on input line 1448.
)
\l@canadian = a dialect from \language\l@american 
\l@australian = a dialect from \language\l@british 
\l@newzealand = a dialect from \language\l@british 
))
("C:\Program Files\MiKTeX 2.9\tex\latex\listings\listings.sty"
\lst@mode=\count164
\lst@gtempboxa=\box54
\lst@token=\toks43
\lst@length=\count165
\lst@currlwidth=\dimen193
\lst@column=\count166
\lst@pos=\count167
\lst@lostspace=\dimen194
\lst@width=\dimen195
\lst@newlines=\count168
\lst@lineno=\count169
\lst@maxwidth=\dimen196

("C:\Program Files\MiKTeX 2.9\tex\latex\listings\lstmisc.sty"
File: lstmisc.sty 2015/06/04 1.6 (Carsten Heinz)
\c@lstnumber=\count170
\lst@skipnumbers=\count171
\lst@framebox=\box55
)
("C:\Program Files\MiKTeX 2.9\tex\latex\listings\listings.cfg"
File: listings.cfg 2015/06/04 1.6 listings configuration
))
Package: listings 2015/06/04 1.6 (Carsten Heinz)

("C:\Program Files\MiKTeX 2.9\tex\latex\beamer\base\multimedia\multimedia.sty"
Package: multimedia 2012/05/02 ver 0.02
\mm@movie=\count172
) ("C:\Program Files\MiKTeX 2.9\tex\latex\listings\lstlang1.sty"
File: lstlang1.sty 2015/06/04 1.6 listings language file
)
("C:\Program Files\MiKTeX 2.9\tex\latex\listings\lstlang2.sty"
File: lstlang2.sty 2015/06/04 1.6 listings language file
)
("C:\Program Files\MiKTeX 2.9\tex\latex\listings\lstlang3.sty"
File: lstlang3.sty 2015/06/04 1.6 listings language file
)
("C:\Program Files\MiKTeX 2.9\tex\latex\listings\lstlang1.sty"
File: lstlang1.sty 2015/06/04 1.6 listings language file
)
("C:\Program Files\MiKTeX 2.9\tex\latex\listings\lstlang2.sty"
File: lstlang2.sty 2015/06/04 1.6 listings language file
)
("C:\Program Files\MiKTeX 2.9\tex\latex\listings\lstlang3.sty"
File: lstlang3.sty 2015/06/04 1.6 listings language file
)
("C:\Program Files\MiKTeX 2.9\tex\latex\listings\lstlang1.sty"
File: lstlang1.sty 2015/06/04 1.6 listings language file
)
("C:\Program Files\MiKTeX 2.9\tex\latex\listings\lstlang2.sty"
File: lstlang2.sty 2015/06/04 1.6 listings language file
)
("C:\Program Files\MiKTeX 2.9\tex\latex\listings\lstlang3.sty"
File: lstlang3.sty 2015/06/04 1.6 listings language file
)
("C:\Program Files\MiKTeX 2.9\tex\latex\listings\lstmisc.sty"
File: lstmisc.sty 2015/06/04 1.6 (Carsten Heinz)
)

Package hyperref Warning: Token not allowed in a PDF string (PDFDocEncoding):
(hyperref)                removing `\\' on input line 35.

(tueslides.aux)
\openout1 = `tueslides.aux'.

LaTeX Font Info:    Checking defaults for OML/cmm/m/it on input line 38.
LaTeX Font Info:    ... okay on input line 38.
LaTeX Font Info:    Checking defaults for T1/cmr/m/n on input line 38.
LaTeX Font Info:    ... okay on input line 38.
LaTeX Font Info:    Checking defaults for OT1/cmr/m/n on input line 38.
LaTeX Font Info:    ... okay on input line 38.
LaTeX Font Info:    Checking defaults for OMS/cmsy/m/n on input line 38.
LaTeX Font Info:    ... okay on input line 38.
LaTeX Font Info:    Checking defaults for OMX/cmex/m/n on input line 38.
LaTeX Font Info:    ... okay on input line 38.
LaTeX Font Info:    Checking defaults for U/cmr/m/n on input line 38.
LaTeX Font Info:    ... okay on input line 38.
LaTeX Font Info:    Checking defaults for PD1/pdf/m/n on input line 38.
LaTeX Font Info:    ... okay on input line 38.
LaTeX Font Info:    Checking defaults for MY1/mtt/m/it on input line 38.
LaTeX Font Info:    Try loading font information for MY1+mtt on input line 38.
 ("C:\Program Files\MiKTeX 2.9\tex\latex\mathtime\my1mtt.fd"
File: my1mtt.fd 2001/05/30 v1.0c Mathtime Encoding 1 (FMi)
)
LaTeX Font Info:    ... okay on input line 38.
LaTeX Font Info:    Checking defaults for MY2/mtt/m/n on input line 38.
LaTeX Font Info:    Try loading font information for MY2+mtt on input line 38.

("C:\Program Files\MiKTeX 2.9\tex\latex\mathtime\my2mtt.fd"
File: my2mtt.fd 2001/05/30 v1.0c Mathtime Encoding 2 (FMi)
)
LaTeX Font Info:    ... okay on input line 38.
LaTeX Font Info:    Checking defaults for MY3/mtt/m/n on input line 38.
LaTeX Font Info:    Try loading font information for MY3+mtt on input line 38.

("C:\Program Files\MiKTeX 2.9\tex\latex\mathtime\my3mtt.fd"
File: my3mtt.fd 2001/05/30 v1.0c Mathtime Encoding 3 (FMi)
)
LaTeX Font Info:    ... okay on input line 38.
LaTeX Font Info:    Checking defaults for TS1/cmr/m/n on input line 38.
LaTeX Font Info:    Try loading font information for TS1+cmr on input line 38.

("C:\Program Files\MiKTeX 2.9\tex\latex\base\ts1cmr.fd"
File: ts1cmr.fd 2014/09/29 v2.5h Standard LaTeX font definitions
)
LaTeX Font Info:    ... okay on input line 38.
LaTeX Font Info:    Try loading font information for T1+zmb on input line 38.
LaTeX Font Info:    No file T1zmb.fd. on input line 38.
LaTeX Font Warning: Font shape `T1/zmb/m/n' undefined
(Font)              using `T1/cmr/m/n' instead on input line 38.

*geometry* driver: auto-detecting
*geometry* detected driver: pdftex
*geometry* verbose mode - [ preamble ] result:
* driver: pdftex
* paper: custom
* layout: <same size as paper>
* layoutoffset:(h,v)=(0.0pt,0.0pt)
* modes: includehead includefoot 
* h-part:(L,W,R)=(14.22636pt, 335.74263pt, 14.22636pt)
* v-part:(T,H,B)=(0.0pt, 273.14662pt, 0.0pt)
* \paperwidth=364.19536pt
* \paperheight=273.14662pt
* \textwidth=335.74263pt
* \textheight=244.6939pt
* \oddsidemargin=-58.04362pt
* \evensidemargin=-58.04362pt
* \topmargin=-72.26999pt
* \headheight=14.22636pt
* \headsep=0.0pt
* \topskip=11.0pt
* \footskip=14.22636pt
* \marginparwidth=4.0pt
* \marginparsep=10.0pt
* \columnsep=10.0pt
* \skip\footins=10.0pt plus 4.0pt minus 2.0pt
* \hoffset=0.0pt
* \voffset=0.0pt
* \mag=1000
* \@twocolumnfalse
* \@twosidefalse
* \@mparswitchfalse
* \@reversemarginfalse
* (1in=72.27pt=25.4mm, 1cm=28.453pt)

("C:\Program Files\MiKTeX 2.9\tex\context\base\supp-pdf.mkii"
[Loading MPS to PDF converter (version 2006.09.02).]
\scratchcounter=\count173
\scratchdimen=\dimen197
\scratchbox=\box56
\nofMPsegments=\count174
\nofMParguments=\count175
\everyMPshowfont=\toks44
\MPscratchCnt=\count176
\MPscratchDim=\dimen198
\MPnumerator=\count177
\makeMPintoPDFobject=\count178
\everyMPtoPDFconversion=\toks45
) ("C:\Program Files\MiKTeX 2.9\tex\latex\oberdiek\epstopdf-base.sty"
Package: epstopdf-base 2016/05/15 v2.6 Base part for package epstopdf

("C:\Program Files\MiKTeX 2.9\tex\latex\oberdiek\grfext.sty"
Package: grfext 2016/05/16 v1.2 Manage graphics extensions (HO)
)
Package grfext Info: Graphics extension search list:
(grfext)             [.png,.pdf,.jpg,.mps,.jpeg,.jbig2,.jb2,.PNG,.PDF,.JPG,.JPE
G,.JBIG2,.JB2,.eps]
(grfext)             \AppendGraphicsExtensions on input line 456.
)
ABD: EveryShipout initializing macros
\AtBeginShipoutBox=\box57
Package hyperref Info: Link coloring ON on input line 38.

("C:\Program Files\MiKTeX 2.9\tex\latex\hyperref\nameref.sty"
Package: nameref 2016/05/21 v2.44 Cross-referencing by name of section

("C:\Program Files\MiKTeX 2.9\tex\generic\oberdiek\gettitlestring.sty"
Package: gettitlestring 2016/05/16 v1.5 Cleanup title references (HO)
)
\c@section@level=\count179
)
LaTeX Info: Redefining \ref on input line 38.
LaTeX Info: Redefining \pageref on input line 38.
LaTeX Info: Redefining \nameref on input line 38.

(tueslides.out) (tueslides.out)
\@outlinefile=\write5
\openout5 = `tueslides.out'.

LaTeX Font Info:    Encoding `T1' has changed to `OT1' for symbol font
(Font)              `operators' in the math version `normal' on input line 38.
LaTeX Font Info:    Overwriting symbol font `operators' in version `normal'
(Font)                  T1/ptm/m/n --> OT1/cmss/m/n on input line 38.
LaTeX Font Info:    Encoding `T1' has changed to `OT1' for symbol font
(Font)              `operators' in the math version `bold' on input line 38.
LaTeX Font Info:    Overwriting symbol font `operators' in version `bold'
(Font)                  T1/ptm/b/n --> OT1/cmss/b/n on input line 38.
\symnumbers=\mathgroup7
\sympureletters=\mathgroup8
LaTeX Font Info:    Overwriting math alphabet `\mathrm' in version `normal'
(Font)                  T1/ptm/m/n --> T1/zmb/m/n on input line 38.
LaTeX Font Info:    Redeclaring math alphabet \mathbf on input line 38.
LaTeX Font Info:    Overwriting math alphabet `\mathbf' in version `normal'
(Font)                  T1/ptm/b/n --> T1/zmb/b/n on input line 38.
LaTeX Font Info:    Overwriting math alphabet `\mathbf' in version `bold'
(Font)                  T1/ptm/b/n --> T1/zmb/b/n on input line 38.
LaTeX Font Info:    Overwriting math alphabet `\mathbf' in version `heavy'
(Font)                  T1/ptm/b/n --> T1/zmb/b/n on input line 38.
LaTeX Font Info:    Redeclaring math alphabet \mathsf on input line 38.
LaTeX Font Info:    Overwriting math alphabet `\mathsf' in version `normal'
(Font)                  T1/phv/m/n --> T1/zmb/m/n on input line 38.
LaTeX Font Info:    Overwriting math alphabet `\mathsf' in version `bold'
(Font)                  T1/phv/b/n --> T1/zmb/m/n on input line 38.
LaTeX Font Info:    Overwriting math alphabet `\mathsf' in version `heavy'
(Font)                  T1/phv/b/n --> T1/zmb/m/n on input line 38.
LaTeX Font Info:    Redeclaring math alphabet \mathit on input line 38.
LaTeX Font Info:    Overwriting math alphabet `\mathit' in version `normal'
(Font)                  T1/ptm/m/it --> T1/zmb/m/it on input line 38.
LaTeX Font Info:    Overwriting math alphabet `\mathit' in version `bold'
(Font)                  T1/ptm/b/it --> T1/zmb/m/it on input line 38.
LaTeX Font Info:    Overwriting math alphabet `\mathit' in version `heavy'
(Font)                  T1/ptm/b/it --> T1/zmb/m/it on input line 38.
LaTeX Font Info:    Redeclaring math alphabet \mathtt on input line 38.
LaTeX Font Info:    Overwriting math alphabet `\mathtt' in version `normal'
(Font)                  T1/pcr/m/n --> T1/pcr/m/n on input line 38.
LaTeX Font Info:    Overwriting math alphabet `\mathtt' in version `bold'
(Font)                  T1/pcr/b/n --> T1/pcr/m/n on input line 38.
LaTeX Font Info:    Overwriting math alphabet `\mathtt' in version `heavy'
(Font)                  T1/pcr/b/n --> T1/pcr/m/n on input line 38.
LaTeX Font Info:    Overwriting symbol font `numbers' in version `bold'
(Font)                  T1/zmb/m/n --> T1/zmb/b/n on input line 38.
LaTeX Font Info:    Overwriting symbol font `pureletters' in version `bold'
(Font)                  T1/zmb/m/it --> T1/zmb/b/it on input line 38.
LaTeX Font Info:    Overwriting math alphabet `\mathrm' in version `bold'
(Font)                  T1/ptm/b/n --> T1/zmb/b/n on input line 38.
LaTeX Font Info:    Overwriting math alphabet `\mathbf' in version `bold'
(Font)                  T1/zmb/b/n --> T1/zmb/b/n on input line 38.
LaTeX Font Info:    Overwriting math alphabet `\mathsf' in version `bold'
(Font)                  T1/zmb/m/n --> T1/zmb/b/n on input line 38.
LaTeX Font Info:    Overwriting math alphabet `\mathit' in version `bold'
(Font)                  T1/zmb/m/it --> T1/zmb/b/it on input line 38.
LaTeX Font Info:    Overwriting math alphabet `\mathtt' in version `bold'
(Font)                  T1/pcr/m/n --> T1/pcr/b/n on input line 38.

("C:\Program Files\MiKTeX 2.9\tex\latex\beamer\base\translator\dicts\translator
-basic-dictionary\translator-basic-dictionary-English.dict"
Dictionary: translator-basic-dictionary, Language: English 
)
("C:\Program Files\MiKTeX 2.9\tex\latex\beamer\base\translator\dicts\translator
-bibliography-dictionary\translator-bibliography-dictionary-English.dict"
Dictionary: translator-bibliography-dictionary, Language: English 
)
("C:\Program Files\MiKTeX 2.9\tex\latex\beamer\base\translator\dicts\translator
-environment-dictionary\translator-environment-dictionary-English.dict"
Dictionary: translator-environment-dictionary, Language: English 
)
("C:\Program Files\MiKTeX 2.9\tex\latex\beamer\base\translator\dicts\translator
-months-dictionary\translator-months-dictionary-English.dict"
Dictionary: translator-months-dictionary, Language: English 
)
("C:\Program Files\MiKTeX 2.9\tex\latex\beamer\base\translator\dicts\translator
-numbers-dictionary\translator-numbers-dictionary-English.dict"
Dictionary: translator-numbers-dictionary, Language: English 
)
("C:\Program Files\MiKTeX 2.9\tex\latex\beamer\base\translator\dicts\translator
-theorem-dictionary\translator-theorem-dictionary-English.dict"
Dictionary: translator-theorem-dictionary, Language: English 
)
LaTeX Info: Redefining \includegraphics on input line 38.
\c@lstlisting=\count180
 (tueslides.nav)
\openout4 = `tueslides.vrb'.

 (tueslides.vrb) <jabari.png, id=57, 545.03625pt x 498.86375pt>
File: jabari.png Graphic file (type png)

<use jabari.png>
Package pdftex.def Info: jabari.png used on input line 42.
(pdftex.def)             Requested size: 173.15105pt x 158.48206pt.
LaTeX Font Warning: Font shape `T1/zmb/b/n' undefined
(Font)              using `T1/zmb/m/n' instead on input line 42.
LaTeX Font Warning: Font shape `T1/zmb/m/n' in size <18> not available
(Font)              size <17.28> substituted on input line 42.
LaTeX Font Warning: Font shape `T1/zmb/b/n' in size <18> not available
(Font)              size <17.28> substituted on input line 42.
 <ublogo.pdf, id=58, 2004.48875pt x 426.59375pt>
File: ublogo.pdf Graphic file (type pdf)

<use ublogo.pdf>
Package pdftex.def Info: ublogo.pdf used on input line 42.
(pdftex.def)             Requested size: 133.69139pt x 28.45274pt.
LaTeX Font Warning: Font shape `T1/zmb/m/n' in size <4> not available
(Font)              size <5> substituted on input line 42.
 [1{C:/ProgramData/MiKTeX/2.9/pdftex/config/pdftex.map}

 <./jabari.png> <./ublogo.pdf>] (tueslides.toc
LaTeX Font Info:    Try loading font information for U+msa on input line 3.

("C:\Program Files\MiKTeX 2.9\tex\latex\amsfonts\umsa.fd"
File: umsa.fd 2013/01/14 v3.01 AMS symbols A
)
LaTeX Font Info:    Try loading font information for U+msb on input line 3.

("C:\Program Files\MiKTeX 2.9\tex\latex\amsfonts\umsb.fd"
File: umsb.fd 2013/01/14 v3.01 AMS symbols B
)
LaTeX Font Info:    Try loading font information for TS1+ptm on input line 3.

("C:\Program Files\MiKTeX 2.9\tex\latex\psnfss\ts1ptm.fd"
File: ts1ptm.fd 2001/06/04 font definitions for TS1/ptm.
)
LaTeX Font Warning: Font shape `T1/zmb/m/it' undefined
(Font)              using `T1/zmb/m/n' instead on input line 3.
)
File: ublogo.pdf Graphic file (type pdf)
 <use ublogo.pdf>
Package pdftex.def Info: ublogo.pdf used on input line 48.
(pdftex.def)             Requested size: 75.7921pt x 16.13274pt.
LaTeX Font Info:    Try loading font information for T1+zlo on input line 48.
LaTeX Font Info:    No file T1zlo.fd. on input line 48.
LaTeX Font Warning: Font shape `T1/zlo/m/n' undefined
(Font)              using `T1/cmr/m/n' instead on input line 48.

[2

] (tueslides.toc)
File: ublogo.pdf Graphic file (type pdf)
 <use ublogo.pdf>
Package pdftex.def Info: ublogo.pdf used on input line 48.
(pdftex.def)             Requested size: 75.7921pt x 16.13274pt.
 [3

] (tueslides.toc)
File: ublogo.pdf Graphic file (type pdf)
 <use ublogo.pdf>
Package pdftex.def Info: ublogo.pdf used on input line 48.
(pdftex.def)             Requested size: 75.7921pt x 16.13274pt.

[4

] (tueslides.toc)
File: ublogo.pdf Graphic file (type pdf)
 <use ublogo.pdf>
Package pdftex.def Info: ublogo.pdf used on input line 48.
(pdftex.def)             Requested size: 75.7921pt x 16.13274pt.
 [5

] (tueslides.toc)
File: ublogo.pdf Graphic file (type pdf)
 <use ublogo.pdf>
Package pdftex.def Info: ublogo.pdf used on input line 48.
(pdftex.def)             Requested size: 75.7921pt x 16.13274pt.

[6

]
File: ublogo.pdf Graphic file (type pdf)
 <use ublogo.pdf>
Package pdftex.def Info: ublogo.pdf used on input line 58.
(pdftex.def)             Requested size: 75.7921pt x 16.13274pt.
 [7

]
\openout4 = `tueslides.vrb'.

 (tueslides.vrb
LaTeX Font Info:    Try loading font information for T1+pcr on input line 5.

("C:\Program Files\MiKTeX 2.9\tex\latex\psnfss\t1pcr.fd"
File: t1pcr.fd 2001/06/04 font definitions for T1/pcr.
))
File: ublogo.pdf Graphic file (type pdf)
 <use ublogo.pdf>
Package pdftex.def Info: ublogo.pdf used on input line 80.
(pdftex.def)             Requested size: 75.7921pt x 16.13274pt.

[8

]
\openout4 = `tueslides.vrb'.

 (tueslides.vrb)
File: ublogo.pdf Graphic file (type pdf)
 <use ublogo.pdf>
Package pdftex.def Info: ublogo.pdf used on input line 95.
(pdftex.def)             Requested size: 75.7921pt x 16.13274pt.
 [9

]
\openout4 = `tueslides.vrb'.

 (tueslides.vrb)
File: ublogo.pdf Graphic file (type pdf)
 <use ublogo.pdf>
Package pdftex.def Info: ublogo.pdf used on input line 116.
(pdftex.def)             Requested size: 75.7921pt x 16.13274pt.

[10

]
\openout4 = `tueslides.vrb'.

 (tueslides.vrb)
File: ublogo.pdf Graphic file (type pdf)
 <use ublogo.pdf>
Package pdftex.def Info: ublogo.pdf used on input line 133.
(pdftex.def)             Requested size: 75.7921pt x 16.13274pt.
 [11

]
\vsp=\skip62
File: ublogo.pdf Graphic file (type pdf)
 <use ublogo.pdf>
Package pdftex.def Info: ublogo.pdf used on input line 152.
(pdftex.def)             Requested size: 75.7921pt x 16.13274pt.
 [12

]
File: ublogo.pdf Graphic file (type pdf)

<use ublogo.pdf>
Package pdftex.def Info: ublogo.pdf used on input line 152.
(pdftex.def)             Requested size: 75.7921pt x 16.13274pt.
 [13

]
File: ublogo.pdf Graphic file (type pdf)
 <use ublogo.pdf>
Package pdftex.def Info: ublogo.pdf used on input line 152.
(pdftex.def)             Requested size: 75.7921pt x 16.13274pt.
 [14

]
File: ublogo.pdf Graphic file (type pdf)
 <use ublogo.pdf>
Package pdftex.def Info: ublogo.pdf used on input line 152.
(pdftex.def)             Requested size: 75.7921pt x 16.13274pt.
 [15

]
File: ublogo.pdf Graphic file (type pdf)

<use ublogo.pdf>
Package pdftex.def Info: ublogo.pdf used on input line 152.
(pdftex.def)             Requested size: 75.7921pt x 16.13274pt.
 [16

]
File: ublogo.pdf Graphic file (type pdf)
 <use ublogo.pdf>
Package pdftex.def Info: ublogo.pdf used on input line 152.
(pdftex.def)             Requested size: 75.7921pt x 16.13274pt.
 [17

]
File: ublogo.pdf Graphic file (type pdf)
 <use ublogo.pdf>
Package pdftex.def Info: ublogo.pdf used on input line 152.
(pdftex.def)             Requested size: 75.7921pt x 16.13274pt.
 [18

]
File: ublogo.pdf Graphic file (type pdf)

<use ublogo.pdf>
Package pdftex.def Info: ublogo.pdf used on input line 152.
(pdftex.def)             Requested size: 75.7921pt x 16.13274pt.
 [19

]
File: ublogo.pdf Graphic file (type pdf)
 <use ublogo.pdf>
Package pdftex.def Info: ublogo.pdf used on input line 152.
(pdftex.def)             Requested size: 75.7921pt x 16.13274pt.
 [20

]
File: ublogo.pdf Graphic file (type pdf)
 <use ublogo.pdf>
Package pdftex.def Info: ublogo.pdf used on input line 152.
(pdftex.def)             Requested size: 75.7921pt x 16.13274pt.
 [21

]
File: ublogo.pdf Graphic file (type pdf)

<use ublogo.pdf>
Package pdftex.def Info: ublogo.pdf used on input line 152.
(pdftex.def)             Requested size: 75.7921pt x 16.13274pt.
 [22

]
File: ublogo.pdf Graphic file (type pdf)
 <use ublogo.pdf>
Package pdftex.def Info: ublogo.pdf used on input line 152.
(pdftex.def)             Requested size: 75.7921pt x 16.13274pt.
 [23

]
File: ublogo.pdf Graphic file (type pdf)
 <use ublogo.pdf>
Package pdftex.def Info: ublogo.pdf used on input line 152.
(pdftex.def)             Requested size: 75.7921pt x 16.13274pt.
 [24

]
File: ublogo.pdf Graphic file (type pdf)

<use ublogo.pdf>
Package pdftex.def Info: ublogo.pdf used on input line 152.
(pdftex.def)             Requested size: 75.7921pt x 16.13274pt.
 [25

]
File: ublogo.pdf Graphic file (type pdf)
 <use ublogo.pdf>
Package pdftex.def Info: ublogo.pdf used on input line 152.
(pdftex.def)             Requested size: 75.7921pt x 16.13274pt.
 [26

]
\openout4 = `tueslides.vrb'.

 (tueslides.vrb)
File: ublogo.pdf Graphic file (type pdf)
 <use ublogo.pdf>
Package pdftex.def Info: ublogo.pdf used on input line 179.
(pdftex.def)             Requested size: 75.7921pt x 16.13274pt.

[27

] (tueslides.vrb)
File: ublogo.pdf Graphic file (type pdf)
 <use ublogo.pdf>
Package pdftex.def Info: ublogo.pdf used on input line 179.
(pdftex.def)             Requested size: 75.7921pt x 16.13274pt.
 [28

] (tueslides.vrb)
File: ublogo.pdf Graphic file (type pdf)
 <use ublogo.pdf>
Package pdftex.def Info: ublogo.pdf used on input line 179.
(pdftex.def)             Requested size: 75.7921pt x 16.13274pt.

[29

] (tueslides.vrb)
File: ublogo.pdf Graphic file (type pdf)
 <use ublogo.pdf>
Package pdftex.def Info: ublogo.pdf used on input line 179.
(pdftex.def)             Requested size: 75.7921pt x 16.13274pt.
 [30

] (tueslides.vrb)
File: ublogo.pdf Graphic file (type pdf)
 <use ublogo.pdf>
Package pdftex.def Info: ublogo.pdf used on input line 179.
(pdftex.def)             Requested size: 75.7921pt x 16.13274pt.

[31

] (tueslides.vrb)
File: ublogo.pdf Graphic file (type pdf)
 <use ublogo.pdf>
Package pdftex.def Info: ublogo.pdf used on input line 179.
(pdftex.def)             Requested size: 75.7921pt x 16.13274pt.
 [32

] (tueslides.vrb)
File: ublogo.pdf Graphic file (type pdf)
 <use ublogo.pdf>
Package pdftex.def Info: ublogo.pdf used on input line 179.
(pdftex.def)             Requested size: 75.7921pt x 16.13274pt.

[33

]
\openout4 = `tueslides.vrb'.

 (tueslides.vrb <images/figure1.pdf, id=326, 632.3625pt x 224.84pt>
File: images/figure1.pdf Graphic file (type pdf)

<use images/figure1.pdf>
Package pdftex.def Info: images/figure1.pdf used on input line 7.
(pdftex.def)             Requested size: 235.01881pt x 83.56001pt.
LaTeX Font Info:    Font shape `T1/pcr/m/it' in size <10.95> not available
(Font)              Font shape `T1/pcr/m/sl' tried instead on input line 15.
)
File: ublogo.pdf Graphic file (type pdf)
 <use ublogo.pdf>
Package pdftex.def Info: ublogo.pdf used on input line 200.
(pdftex.def)             Requested size: 75.7921pt x 16.13274pt.
 [34

 <./images/figure1.pdf>]
(tueslides.vrb
File: images/figure1.pdf Graphic file (type pdf)
 <use images/figure1.pdf>
Package pdftex.def Info: images/figure1.pdf used on input line 7.
(pdftex.def)             Requested size: 235.01881pt x 83.56001pt.

<images/figure2.pdf, id=335, 632.3625pt x 224.84pt>
File: images/figure2.pdf Graphic file (type pdf)
 <use images/figure2.pdf>
Package pdftex.def Info: images/figure2.pdf used on input line 7.
(pdftex.def)             Requested size: 235.01881pt x 83.56001pt.
)
File: ublogo.pdf Graphic file (type pdf)

<use ublogo.pdf>
Package pdftex.def Info: ublogo.pdf used on input line 200.
(pdftex.def)             Requested size: 75.7921pt x 16.13274pt.
 [35

 <./images/figure2.pdf>] (tueslides.vrb
File: images/figure1.pdf Graphic file (type pdf)

<use images/figure1.pdf>
Package pdftex.def Info: images/figure1.pdf used on input line 7.
(pdftex.def)             Requested size: 235.01881pt x 83.56001pt.
File: images/figure2.pdf Graphic file (type pdf)
 <use images/figure2.pdf>
Package pdftex.def Info: images/figure2.pdf used on input line 7.
(pdftex.def)             Requested size: 235.01881pt x 83.56001pt.

<images/figure3.pdf, id=343, 632.3625pt x 224.84pt>
File: images/figure3.pdf Graphic file (type pdf)
 <use images/figure3.pdf>
Package pdftex.def Info: images/figure3.pdf used on input line 8.
(pdftex.def)             Requested size: 235.01881pt x 83.56001pt.
)
File: ublogo.pdf Graphic file (type pdf)

<use ublogo.pdf>
Package pdftex.def Info: ublogo.pdf used on input line 200.
(pdftex.def)             Requested size: 75.7921pt x 16.13274pt.
 [36

 <./images/figure3.pdf>] (tueslides.vrb
File: images/figure1.pdf Graphic file (type pdf)

<use images/figure1.pdf>
Package pdftex.def Info: images/figure1.pdf used on input line 7.
(pdftex.def)             Requested size: 235.01881pt x 83.56001pt.
File: images/figure2.pdf Graphic file (type pdf)
 <use images/figure2.pdf>
Package pdftex.def Info: images/figure2.pdf used on input line 7.
(pdftex.def)             Requested size: 235.01881pt x 83.56001pt.
File: images/figure3.pdf Graphic file (type pdf)
 <use images/figure3.pdf>
Package pdftex.def Info: images/figure3.pdf used on input line 8.
(pdftex.def)             Requested size: 235.01881pt x 83.56001pt.

<images/figure4.pdf, id=351, 632.3625pt x 224.84pt>
File: images/figure4.pdf Graphic file (type pdf)
 <use images/figure4.pdf>
Package pdftex.def Info: images/figure4.pdf used on input line 9.
(pdftex.def)             Requested size: 235.01881pt x 83.56001pt.
)
File: ublogo.pdf Graphic file (type pdf)

<use ublogo.pdf>
Package pdftex.def Info: ublogo.pdf used on input line 200.
(pdftex.def)             Requested size: 75.7921pt x 16.13274pt.
 [37

 <./images/figure4.pdf>] (tueslides.vrb
File: images/figure1.pdf Graphic file (type pdf)

<use images/figure1.pdf>
Package pdftex.def Info: images/figure1.pdf used on input line 7.
(pdftex.def)             Requested size: 235.01881pt x 83.56001pt.
File: images/figure2.pdf Graphic file (type pdf)
 <use images/figure2.pdf>
Package pdftex.def Info: images/figure2.pdf used on input line 7.
(pdftex.def)             Requested size: 235.01881pt x 83.56001pt.
File: images/figure3.pdf Graphic file (type pdf)
 <use images/figure3.pdf>
Package pdftex.def Info: images/figure3.pdf used on input line 8.
(pdftex.def)             Requested size: 235.01881pt x 83.56001pt.
File: images/figure4.pdf Graphic file (type pdf)

<use images/figure4.pdf>
Package pdftex.def Info: images/figure4.pdf used on input line 9.
(pdftex.def)             Requested size: 235.01881pt x 83.56001pt.
 <images/figure5.pdf, id=360, 632.3625pt x 224.84pt>
File: images/figure5.pdf Graphic file (type pdf)

<use images/figure5.pdf>
Package pdftex.def Info: images/figure5.pdf used on input line 10.
(pdftex.def)             Requested size: 235.01881pt x 83.56001pt.
)
File: ublogo.pdf Graphic file (type pdf)
 <use ublogo.pdf>
Package pdftex.def Info: ublogo.pdf used on input line 200.
(pdftex.def)             Requested size: 75.7921pt x 16.13274pt.
 [38

 <./images/figure5.pdf>]
(tueslides.vrb
File: images/figure1.pdf Graphic file (type pdf)
 <use images/figure1.pdf>
Package pdftex.def Info: images/figure1.pdf used on input line 7.
(pdftex.def)             Requested size: 235.01881pt x 83.56001pt.
File: images/figure2.pdf Graphic file (type pdf)
 <use images/figure2.pdf>
Package pdftex.def Info: images/figure2.pdf used on input line 7.
(pdftex.def)             Requested size: 235.01881pt x 83.56001pt.
File: images/figure3.pdf Graphic file (type pdf)

<use images/figure3.pdf>
Package pdftex.def Info: images/figure3.pdf used on input line 8.
(pdftex.def)             Requested size: 235.01881pt x 83.56001pt.
File: images/figure4.pdf Graphic file (type pdf)
 <use images/figure4.pdf>
Package pdftex.def Info: images/figure4.pdf used on input line 9.
(pdftex.def)             Requested size: 235.01881pt x 83.56001pt.
File: images/figure5.pdf Graphic file (type pdf)
 <use images/figure5.pdf>
Package pdftex.def Info: images/figure5.pdf used on input line 10.
(pdftex.def)             Requested size: 235.01881pt x 83.56001pt.

<images/figure6.pdf, id=368, 632.3625pt x 224.84pt>
File: images/figure6.pdf Graphic file (type pdf)
 <use images/figure6.pdf>
Package pdftex.def Info: images/figure6.pdf used on input line 11.
(pdftex.def)             Requested size: 235.01881pt x 83.56001pt.
)
File: ublogo.pdf Graphic file (type pdf)

<use ublogo.pdf>
Package pdftex.def Info: ublogo.pdf used on input line 200.
(pdftex.def)             Requested size: 75.7921pt x 16.13274pt.
 [39

 <./images/figure6.pdf>]
\openout4 = `tueslides.vrb'.

 (tueslides.vrb)
File: ublogo.pdf Graphic file (type pdf)
 <use ublogo.pdf>
Package pdftex.def Info: ublogo.pdf used on input line 216.
(pdftex.def)             Requested size: 75.7921pt x 16.13274pt.

[40

] (tueslides.vrb)
File: ublogo.pdf Graphic file (type pdf)
 <use ublogo.pdf>
Package pdftex.def Info: ublogo.pdf used on input line 216.
(pdftex.def)             Requested size: 75.7921pt x 16.13274pt.
 [41

] (tueslides.vrb)
File: ublogo.pdf Graphic file (type pdf)
 <use ublogo.pdf>
Package pdftex.def Info: ublogo.pdf used on input line 216.
(pdftex.def)             Requested size: 75.7921pt x 16.13274pt.

[42

] (tueslides.vrb)
File: ublogo.pdf Graphic file (type pdf)
 <use ublogo.pdf>
Package pdftex.def Info: ublogo.pdf used on input line 216.
(pdftex.def)             Requested size: 75.7921pt x 16.13274pt.
 [43

] (tueslides.vrb)
File: ublogo.pdf Graphic file (type pdf)
 <use ublogo.pdf>
Package pdftex.def Info: ublogo.pdf used on input line 216.
(pdftex.def)             Requested size: 75.7921pt x 16.13274pt.

[44

] (tueslides.vrb)
File: ublogo.pdf Graphic file (type pdf)
 <use ublogo.pdf>
Package pdftex.def Info: ublogo.pdf used on input line 216.
(pdftex.def)             Requested size: 75.7921pt x 16.13274pt.
 [45

] (tueslides.vrb)
File: ublogo.pdf Graphic file (type pdf)
 <use ublogo.pdf>
Package pdftex.def Info: ublogo.pdf used on input line 216.
(pdftex.def)             Requested size: 75.7921pt x 16.13274pt.

[46

]
\openout4 = `tueslides.vrb'.

 (tueslides.vrb)
File: ublogo.pdf Graphic file (type pdf)
 <use ublogo.pdf>
Package pdftex.def Info: ublogo.pdf used on input line 234.
(pdftex.def)             Requested size: 75.7921pt x 16.13274pt.
 [47

]
\openout4 = `tueslides.vrb'.

 (tueslides.vrb)
File: ublogo.pdf Graphic file (type pdf)
 <use ublogo.pdf>
Package pdftex.def Info: ublogo.pdf used on input line 250.
(pdftex.def)             Requested size: 75.7921pt x 16.13274pt.

[48

]
\openout4 = `tueslides.vrb'.

 (tueslides.vrb)
File: ublogo.pdf Graphic file (type pdf)
 <use ublogo.pdf>
Package pdftex.def Info: ublogo.pdf used on input line 269.
(pdftex.def)             Requested size: 75.7921pt x 16.13274pt.
 [49

]
\openout4 = `tueslides.vrb'.

 (tueslides.vrb)
<images/LaQuSoPresentation.pdf, id=431, 720.6925pt x 540.0175pt>
File: images/LaQuSoPresentation.pdf Graphic file (type pdf)

<use images/LaQuSoPresentation.pdf>
Package pdftex.def Info: images/LaQuSoPresentation.pdf used on input line 289.
(pdftex.def)             Requested size: 364.19427pt x 273.14752pt.
 [50

 <./images/LaQuSoPresentation.pdf, page is rotated 90 degrees>]
File: ublogo.pdf Graphic file (type pdf)
 <use ublogo.pdf>
Package pdftex.def Info: ublogo.pdf used on input line 308.
(pdftex.def)             Requested size: 75.7921pt x 16.13274pt.
 [51

]
\tf@nav=\write6
\openout6 = `tueslides.nav'.

\tf@toc=\write7
\openout7 = `tueslides.toc'.

\tf@snm=\write8
\openout8 = `tueslides.snm'.

Package atveryend Info: Empty hook `BeforeClearDocument' on input line 310.
Package atveryend Info: Empty hook `AfterLastShipout' on input line 310.
 (tueslides.aux)
Package atveryend Info: Executing hook `AtVeryEndDocument' on input line 310.
Package atveryend Info: Executing hook `AtEndAfterFileList' on input line 310.
Package rerunfilecheck Info: File `tueslides.out' has not changed.
(rerunfilecheck)             Checksum: 4A4F23FAB6831A31AE7F0A591912833D;672.
LaTeX Font Warning: Size substitutions with differences
(Font)              up to 1.0pt have occurred.
LaTeX Font Warning: Some font shapes were not available, defaults substituted.
Package atveryend Info: Empty hook `AtVeryVeryEnd' on input line 310.
 ) 
Here is how much of TeX's memory you used:
 20334 strings out of 493335
 372695 string characters out of 3139254
 476889 words of memory out of 3000000
 23161 multiletter control sequences out of 15000+200000
 33401 words of font info for 74 fonts, out of 3000000 for 9000
 1141 hyphenation exceptions out of 8191
 56i,14n,69p,494b,1972s stack positions out of 5000i,500n,10000p,200000b,50000s
{C:/Program Files/MiKTeX 2.9/fonts/enc/dvips/fontname/texmext.enc}{C:/Program
 Files/MiKTeX 2.9/fonts/enc/dvips/fontname/8r.enc}{C:/Program Files/MiKTeX 2.9/
fonts/enc/dvips/cm-super/cm-super-t1.enc}<C:/Program Files/MiKTeX 2.9/fonts/typ
e1/kinch/belleek/blex.pfb><C:/Program Files/MiKTeX 2.9/fonts/type1/kinch/bellee
k/blsy.pfb><C:/Program Files/MiKTeX 2.9/fonts/type1/public/amsfonts/symbols/msa
m7.pfb><C:/Program Files/MiKTeX 2.9/fonts/type1/kinch/belleek/rblmi.pfb><C:/Pro
gram Files/MiKTeX 2.9/fonts/type1/public/cm-super/sfrm0600.pfb><C:/Program File
s/MiKTeX 2.9/fonts/type1/public/cm-super/sfrm0800.pfb><C:/Program Files/MiKTeX 
2.9/fonts/type1/public/cm-super/sfrm0900.pfb><C:/Program Files/MiKTeX 2.9/fonts
/type1/public/cm-super/sfrm1000.pfb><C:/Program Files/MiKTeX 2.9/fonts/type1/pu
blic/cm-super/sfrm1095.pfb><C:/Program Files/MiKTeX 2.9/fonts/type1/public/cm-s
uper/sfrm1200.pfb><C:/Program Files/MiKTeX 2.9/fonts/type1/public/cm-super/sfrm
1440.pfb><C:/Program Files/MiKTeX 2.9/fonts/type1/public/cm-super/sfrm1728.pfb>
<C:/Program Files/MiKTeX 2.9/fonts/type1/urw/courier/ucrb8a.pfb><C:/Program Fil
es/MiKTeX 2.9/fonts/type1/urw/courier/ucrr8a.pfb><C:/Program Files/MiKTeX 2.9/f
onts/type1/urw/courier/ucrro8a.pfb>
Output written on tueslides.pdf (51 pages, 2559200 bytes).
PDF statistics:
 527 PDF objects out of 1000 (max. 8388607)
 114 named destinations out of 1000 (max. 500000)
 184 words of extra memory for PDF output out of 10000 (max. 10000000)

